<?xml version="1.0" encoding="UTF-8"?>
<!-- Generated by org.testng.reporters.JUnitReportReporter -->
<testsuite hostname="Prakriti-Sharma.local" failures="0" tests="1" name="com.qa.testcases.Test001" time="61.861" errors="0" timestamp="2022-08-10T02:07:47 IST" skipped="0">
  <testcase classname="com.qa.testcases.Test001" name="method1" time="61.861"/>
  <system-out/>
</testsuite> <!-- com.qa.testcases.Test001 -->
